<?xml version="1.0" encoding="UTF-8"?>
<!-- Generated by org.testng.reporters.JUnitReportReporter -->
<testsuite name="com.sansi.cases.GetUserListInfoTest" tests="1" time="2.069" ignored="0" failures="0" timestamp="31 Jul 2024 07:35:20 GMT" skipped="0" hostname="sansideMacBook-Pro.local" errors="0">
  <testcase name="getUserListInfo" time="2.069" classname="com.sansi.cases.GetUserListInfoTest"/>
</testsuite> <!-- com.sansi.cases.GetUserListInfoTest -->
