<?xml version="1.0" encoding="UTF-8"?>
<!-- Generated by org.testng.reporters.JUnitReportReporter -->
<testsuite name="com.sansi.cases.GetUserInfoTest" tests="1" time="2.116" ignored="0" failures="0" timestamp="31 Jul 2024 07:35:20 GMT" skipped="0" hostname="sansideMacBook-Pro.local" errors="0">
  <testcase name="getUserInfo" time="2.116" classname="com.sansi.cases.GetUserInfoTest"/>
</testsuite> <!-- com.sansi.cases.GetUserInfoTest -->
