<?xml version="1.0" encoding="UTF-8"?>
<!-- Generated by org.testng.reporters.JUnitReportReporter -->
<testsuite name="com.sansi.cases.UpdateUserInfoTest" tests="2" time="4.081" ignored="0" failures="0" timestamp="31 Jul 2024 07:35:20 GMT" skipped="0" hostname="sansideMacBook-Pro.local" errors="0">
  <testcase name="updateUserInfo" time="2.044" classname="com.sansi.cases.UpdateUserInfoTest"/>
  <testcase name="deleteUser" time="2.037" classname="com.sansi.cases.UpdateUserInfoTest"/>
</testsuite> <!-- com.sansi.cases.UpdateUserInfoTest -->
