<?xml version="1.0" encoding="UTF-8"?>
<!-- Generated by org.testng.reporters.JUnitReportReporter -->
<testsuite name="com.sansi.cases.LoginTest" tests="2" time="1.757" ignored="0" failures="0" timestamp="31 Jul 2024 07:35:20 GMT" skipped="0" hostname="sansideMacBook-Pro.local" errors="0">
  <testcase name="loginTrue" time="1.724" classname="com.sansi.cases.LoginTest"/>
  <testcase name="loginFalse" time="0.033" classname="com.sansi.cases.LoginTest"/>
</testsuite> <!-- com.sansi.cases.LoginTest -->
