<?xml version="1.0" encoding="UTF-8" ?>
<testsuite tests="7" failures="0" name="TestSuite" time="13.682" errors="0" skipped="0">
  <properties>
    <property name="java.runtime.name" value="Java(TM) SE Runtime Environment"/>
    <property name="sun.boot.library.path" value="/Library/Java/JavaVirtualMachines/jdk1.8.0_261.jdk/Contents/Home/jre/lib"/>
    <property name="java.vm.version" value="25.261-b12"/>
    <property name="gopherProxySet" value="false"/>
    <property name="java.vm.vendor" value="Oracle Corporation"/>
    <property name="java.vendor.url" value="http://java.oracle.com/"/>
    <property name="path.separator" value=":"/>
    <property name="java.vm.name" value="Java HotSpot(TM) 64-Bit Server VM"/>
    <property name="file.encoding.pkg" value="sun.io"/>
    <property name="user.country" value="CN"/>
    <property name="sun.java.launcher" value="SUN_STANDARD"/>
    <property name="sun.os.patch.level" value="unknown"/>
    <property name="java.vm.specification.name" value="Java Virtual Machine Specification"/>
    <property name="user.dir" value="/Users/zens/WorkSpace/LearnTest/Chapter12"/>
    <property name="java.runtime.version" value="1.8.0_261-b12"/>
    <property name="java.awt.graphicsenv" value="sun.awt.CGraphicsEnvironment"/>
    <property name="basedir" value="/Users/zens/WorkSpace/LearnTest/Chapter12"/>
    <property name="java.endorsed.dirs" value="/Library/Java/JavaVirtualMachines/jdk1.8.0_261.jdk/Contents/Home/jre/lib/endorsed"/>
    <property name="os.arch" value="x86_64"/>
    <property name="surefire.real.class.path" value="/Users/zens/WorkSpace/LearnTest/Chapter12/target/surefire/surefirebooter2008570355144569131.jar"/>
    <property name="java.io.tmpdir" value="/var/folders/pq/23qr22wj055d7zh9jr3k_sqc0000gn/T/"/>
    <property name="line.separator" value="
"/>
    <property name="java.vm.specification.vendor" value="Oracle Corporation"/>
    <property name="os.name" value="Mac OS X"/>
    <property name="sun.jnu.encoding" value="UTF-8"/>
    <property name="java.library.path" value="/Users/zens/Library/Java/Extensions:/Library/Java/Extensions:/Network/Library/Java/Extensions:/System/Library/Java/Extensions:/usr/lib/java:."/>
    <property name="surefire.test.class.path" value="/Users/zens/WorkSpace/LearnTest/Chapter12/target/test-classes:/Users/zens/WorkSpace/LearnTest/Chapter12/target/classes:/Users/zens/.m2/repository/org/apache/httpcomponents/httpclient/4.1.2/httpclient-4.1.2.jar:/Users/zens/.m2/repository/org/apache/httpcomponents/httpcore/4.4.9/httpcore-4.4.9.jar:/Users/zens/.m2/repository/commons-codec/commons-codec/1.11/commons-codec-1.11.jar:/Users/zens/.m2/repository/org/json/json/20170516/json-20170516.jar:/Users/zens/.m2/repository/org/mybatis/mybatis/3.4.4/mybatis-3.4.4.jar:/Users/zens/.m2/repository/mysql/mysql-connector-java/8.0.23/mysql-connector-java-8.0.23.jar:/Users/zens/.m2/repository/com/google/protobuf/protobuf-java/3.11.4/protobuf-java-3.11.4.jar:/Users/zens/.m2/repository/org/projectlombok/lombok/1.16.14/lombok-1.16.14.jar:/Users/zens/.m2/repository/com/relevantcodes/extentreports/2.41.1/extentreports-2.41.1.jar:/Users/zens/.m2/repository/org/jsoup/jsoup/1.8.3/jsoup-1.8.3.jar:/Users/zens/.m2/repository/org/xerial/sqlite-jdbc/3.21.0.1/sqlite-jdbc-3.21.0.1.jar:/Users/zens/.m2/repository/org/freemarker/freemarker/2.3.27-incubating/freemarker-2.3.27-incubating.jar:/Users/zens/.m2/repository/org/mongodb/mongodb-driver/3.6.3/mongodb-driver-3.6.3.jar:/Users/zens/.m2/repository/org/mongodb/bson/3.6.3/bson-3.6.3.jar:/Users/zens/.m2/repository/org/mongodb/mongodb-driver-core/3.6.3/mongodb-driver-core-3.6.3.jar:/Users/zens/.m2/repository/com/vimalselvam/testng-extentsreport/1.3.1/testng-extentsreport-1.3.1.jar:/Users/zens/.m2/repository/com/google/guava/guava/20.0/guava-20.0.jar:/Users/zens/.m2/repository/com/aventstack/extentreports/3.0.6/extentreports-3.0.6.jar:/Users/zens/.m2/repository/org/apache/httpcomponents/httpmime/4.5.5/httpmime-4.5.5.jar:/Users/zens/.m2/repository/org/testng/testng/6.10/testng-6.10.jar:/Users/zens/.m2/repository/com/beust/jcommander/1.48/jcommander-1.48.jar:/Users/zens/.m2/repository/commons-logging/commons-logging/1.2/commons-logging-1.2.jar:"/>
    <property name="java.specification.name" value="Java Platform API Specification"/>
    <property name="java.class.version" value="52.0"/>
    <property name="sun.management.compiler" value="HotSpot 64-Bit Tiered Compilers"/>
    <property name="os.version" value="10.16"/>
    <property name="http.nonProxyHosts" value="local|*.local|169.254/16|*.169.254/16"/>
    <property name="user.home" value="/Users/zens"/>
    <property name="user.timezone" value="Asia/Shanghai"/>
    <property name="java.awt.printerjob" value="sun.lwawt.macosx.CPrinterJob"/>
    <property name="java.specification.version" value="1.8"/>
    <property name="file.encoding" value="UTF-8"/>
    <property name="user.name" value="zens"/>
    <property name="java.class.path" value="/Users/zens/WorkSpace/LearnTest/Chapter12/target/test-classes:/Users/zens/WorkSpace/LearnTest/Chapter12/target/classes:/Users/zens/.m2/repository/org/apache/httpcomponents/httpclient/4.1.2/httpclient-4.1.2.jar:/Users/zens/.m2/repository/org/apache/httpcomponents/httpcore/4.4.9/httpcore-4.4.9.jar:/Users/zens/.m2/repository/commons-codec/commons-codec/1.11/commons-codec-1.11.jar:/Users/zens/.m2/repository/org/json/json/20170516/json-20170516.jar:/Users/zens/.m2/repository/org/mybatis/mybatis/3.4.4/mybatis-3.4.4.jar:/Users/zens/.m2/repository/mysql/mysql-connector-java/8.0.23/mysql-connector-java-8.0.23.jar:/Users/zens/.m2/repository/com/google/protobuf/protobuf-java/3.11.4/protobuf-java-3.11.4.jar:/Users/zens/.m2/repository/org/projectlombok/lombok/1.16.14/lombok-1.16.14.jar:/Users/zens/.m2/repository/com/relevantcodes/extentreports/2.41.1/extentreports-2.41.1.jar:/Users/zens/.m2/repository/org/jsoup/jsoup/1.8.3/jsoup-1.8.3.jar:/Users/zens/.m2/repository/org/xerial/sqlite-jdbc/3.21.0.1/sqlite-jdbc-3.21.0.1.jar:/Users/zens/.m2/repository/org/freemarker/freemarker/2.3.27-incubating/freemarker-2.3.27-incubating.jar:/Users/zens/.m2/repository/org/mongodb/mongodb-driver/3.6.3/mongodb-driver-3.6.3.jar:/Users/zens/.m2/repository/org/mongodb/bson/3.6.3/bson-3.6.3.jar:/Users/zens/.m2/repository/org/mongodb/mongodb-driver-core/3.6.3/mongodb-driver-core-3.6.3.jar:/Users/zens/.m2/repository/com/vimalselvam/testng-extentsreport/1.3.1/testng-extentsreport-1.3.1.jar:/Users/zens/.m2/repository/com/google/guava/guava/20.0/guava-20.0.jar:/Users/zens/.m2/repository/com/aventstack/extentreports/3.0.6/extentreports-3.0.6.jar:/Users/zens/.m2/repository/org/apache/httpcomponents/httpmime/4.5.5/httpmime-4.5.5.jar:/Users/zens/.m2/repository/org/testng/testng/6.10/testng-6.10.jar:/Users/zens/.m2/repository/com/beust/jcommander/1.48/jcommander-1.48.jar:/Users/zens/.m2/repository/commons-logging/commons-logging/1.2/commons-logging-1.2.jar:"/>
    <property name="java.vm.specification.version" value="1.8"/>
    <property name="sun.arch.data.model" value="64"/>
    <property name="java.home" value="/Library/Java/JavaVirtualMachines/jdk1.8.0_261.jdk/Contents/Home/jre"/>
    <property name="sun.java.command" value="/Users/zens/WorkSpace/LearnTest/Chapter12/target/surefire/surefirebooter2008570355144569131.jar /Users/zens/WorkSpace/LearnTest/Chapter12/target/surefire/surefire1934150601105345262tmp /Users/zens/WorkSpace/LearnTest/Chapter12/target/surefire/surefire3452387248411274628tmp"/>
    <property name="java.specification.vendor" value="Oracle Corporation"/>
    <property name="user.language" value="zh"/>
    <property name="awt.toolkit" value="sun.lwawt.macosx.LWCToolkit"/>
    <property name="java.vm.info" value="mixed mode"/>
    <property name="java.version" value="1.8.0_261"/>
    <property name="java.ext.dirs" value="/Users/zens/Library/Java/Extensions:/Library/Java/JavaVirtualMachines/jdk1.8.0_261.jdk/Contents/Home/jre/lib/ext:/Library/Java/Extensions:/Network/Library/Java/Extensions:/System/Library/Java/Extensions:/usr/lib/java"/>
    <property name="sun.boot.class.path" value="/Library/Java/JavaVirtualMachines/jdk1.8.0_261.jdk/Contents/Home/jre/lib/resources.jar:/Library/Java/JavaVirtualMachines/jdk1.8.0_261.jdk/Contents/Home/jre/lib/rt.jar:/Library/Java/JavaVirtualMachines/jdk1.8.0_261.jdk/Contents/Home/jre/lib/sunrsasign.jar:/Library/Java/JavaVirtualMachines/jdk1.8.0_261.jdk/Contents/Home/jre/lib/jsse.jar:/Library/Java/JavaVirtualMachines/jdk1.8.0_261.jdk/Contents/Home/jre/lib/jce.jar:/Library/Java/JavaVirtualMachines/jdk1.8.0_261.jdk/Contents/Home/jre/lib/charsets.jar:/Library/Java/JavaVirtualMachines/jdk1.8.0_261.jdk/Contents/Home/jre/lib/jfr.jar:/Library/Java/JavaVirtualMachines/jdk1.8.0_261.jdk/Contents/Home/jre/classes"/>
    <property name="java.vendor" value="Oracle Corporation"/>
    <property name="localRepository" value="/Users/zens/.m2/repository"/>
    <property name="file.separator" value="/"/>
    <property name="java.vendor.url.bug" value="http://bugreport.sun.com/bugreport/"/>
    <property name="sun.cpu.endian" value="little"/>
    <property name="sun.io.unicode.encoding" value="UnicodeBig"/>
    <property name="socksNonProxyHosts" value="local|*.local|169.254/16|*.169.254/16"/>
    <property name="ftp.nonProxyHosts" value="local|*.local|169.254/16|*.169.254/16"/>
    <property name="sun.cpu.isalist" value=""/>
  </properties>
  <testcase classname="com.sansi.cases.LoginTest" name="loginTrue" time="1.723"/>
  <testcase classname="com.sansi.cases.LoginTest" name="loginFalse" time="0.034"/>
  <testcase classname="com.sansi.cases.AddUserTest" name="addUser" time="3.071"/>
  <testcase classname="com.sansi.cases.GetUserInfoTest" name="getUserInfo" time="2.116"/>
  <testcase classname="com.sansi.cases.UpdateUserInfoTest" name="updateUserInfo" time="2.043"/>
  <testcase classname="com.sansi.cases.UpdateUserInfoTest" name="deleteUser" time="2.037"/>
  <testcase classname="com.sansi.cases.GetUserListInfoTest" name="getUserListInfo" time="2.069"/>
</testsuite>